[2022-08-22 03:05:33] production.ERROR: Required parameter $data follows optional parameter $section {"exception":"[object] (ErrorException(code: 0): Required parameter $data follows optional parameter $section at /home/crmhuelen/public_html/application/app/Models/EmailTemplate.php:31)
[stacktrace]
#0 /home/crmhuelen/public_html/application/vendor/composer/ClassLoader.php(478): Illuminate\\Foundation\\Bootstrap\\HandleExceptions->handleError(8192, 'Required parame...', '/home/crmhuelen...', 31)
#1 /home/crmhuelen/public_html/application/vendor/composer/ClassLoader.php(478): include()
#2 /home/crmhuelen/public_html/application/vendor/composer/ClassLoader.php(346): Composer\\Autoload\\includeFile('/home/crmhuelen...')
#3 /home/crmhuelen/public_html/application/app/Providers/ConfigMailServiceProvider.php(35): Composer\\Autoload\\ClassLoader->loadClass('App\\\\Models\\\\Emai...')
#4 [internal function]: App\\Providers\\ConfigMailServiceProvider->boot()
#5 /home/crmhuelen/public_html/application/vendor/laravel/framework/src/Illuminate/Container/BoundMethod.php(37): call_user_func_array(Array, Array)
#6 /home/crmhuelen/public_html/application/vendor/laravel/framework/src/Illuminate/Container/Util.php(37): Illuminate\\Container\\BoundMethod::Illuminate\\Container\\{closure}()
#7 /home/crmhuelen/public_html/application/vendor/laravel/framework/src/Illuminate/Container/BoundMethod.php(95): Illuminate\\Container\\Util::unwrapIfClosure(Object(Closure))
#8 /home/crmhuelen/public_html/application/vendor/laravel/framework/src/Illuminate/Container/BoundMethod.php(39): Illuminate\\Container\\BoundMethod::callBoundMethod(Object(Illuminate\\Foundation\\Application), Array, Object(Closure))
#9 /home/crmhuelen/public_html/application/vendor/laravel/framework/src/Illuminate/Container/Container.php(596): Illuminate\\Container\\BoundMethod::call(Object(Illuminate\\Foundation\\Application), Array, Array, NULL)
#10 /home/crmhuelen/public_html/application/vendor/laravel/framework/src/Illuminate/Foundation/Application.php(867): Illuminate\\Container\\Container->call(Array)
#11 /home/crmhuelen/public_html/application/vendor/laravel/framework/src/Illuminate/Foundation/Application.php(850): Illuminate\\Foundation\\Application->bootProvider(Object(App\\Providers\\ConfigMailServiceProvider))
#12 [internal function]: Illuminate\\Foundation\\Application->Illuminate\\Foundation\\{closure}(Object(App\\Providers\\ConfigMailServiceProvider), 28)
#13 /home/crmhuelen/public_html/application/vendor/laravel/framework/src/Illuminate/Foundation/Application.php(851): array_walk(Array, Object(Closure))
#14 /home/crmhuelen/public_html/application/vendor/laravel/framework/src/Illuminate/Foundation/Bootstrap/BootProviders.php(17): Illuminate\\Foundation\\Application->boot()
#15 /home/crmhuelen/public_html/application/vendor/laravel/framework/src/Illuminate/Foundation/Application.php(230): Illuminate\\Foundation\\Bootstrap\\BootProviders->bootstrap(Object(Illuminate\\Foundation\\Application))
#16 /home/crmhuelen/public_html/application/vendor/laravel/framework/src/Illuminate/Foundation/Console/Kernel.php(310): Illuminate\\Foundation\\Application->bootstrapWith(Array)
#17 /home/crmhuelen/public_html/application/vendor/laravel/framework/src/Illuminate/Foundation/Console/Kernel.php(127): Illuminate\\Foundation\\Console\\Kernel->bootstrap()
#18 /home/crmhuelen/public_html/application/artisan(37): Illuminate\\Foundation\\Console\\Kernel->handle(Object(Symfony\\Component\\Console\\Input\\ArgvInput), Object(Symfony\\Component\\Console\\Output\\ConsoleOutput))
#19 {main}
"} 
[2025-01-26 23:44:25] production.ERROR: SQLSTATE[HY000] [1045] Access denied for user 'mimet_crm'@'localhost' (using password: YES) (SQL: select * from `settings` where `settings`.`settings_id` = 1 limit 1) {"exception":"[object] (Illuminate\\Database\\QueryException(code: 1045): SQLSTATE[HY000] [1045] Access denied for user 'mimet_crm'@'localhost' (using password: YES) (SQL: select * from `settings` where `settings`.`settings_id` = 1 limit 1) at /home/mimet.etasoft.cl/public_html/application/vendor/laravel/framework/src/Illuminate/Database/Connection.php:671)
[stacktrace]
#0 /home/mimet.etasoft.cl/public_html/application/vendor/laravel/framework/src/Illuminate/Database/Connection.php(631): Illuminate\\Database\\Connection->runQueryCallback()
#1 /home/mimet.etasoft.cl/public_html/application/vendor/laravel/framework/src/Illuminate/Database/Connection.php(339): Illuminate\\Database\\Connection->run()
#2 /home/mimet.etasoft.cl/public_html/application/vendor/laravel/framework/src/Illuminate/Database/Query/Builder.php(2260): Illuminate\\Database\\Connection->select()
#3 /home/mimet.etasoft.cl/public_html/application/vendor/laravel/framework/src/Illuminate/Database/Query/Builder.php(2248): Illuminate\\Database\\Query\\Builder->runSelect()
#4 /home/mimet.etasoft.cl/public_html/application/vendor/laravel/framework/src/Illuminate/Database/Query/Builder.php(2743): Illuminate\\Database\\Query\\Builder->Illuminate\\Database\\Query\\{closure}()
#5 /home/mimet.etasoft.cl/public_html/application/vendor/laravel/framework/src/Illuminate/Database/Query/Builder.php(2249): Illuminate\\Database\\Query\\Builder->onceWithColumns()
#6 /home/mimet.etasoft.cl/public_html/application/vendor/laravel/framework/src/Illuminate/Database/Eloquent/Builder.php(547): Illuminate\\Database\\Query\\Builder->get()
#7 /home/mimet.etasoft.cl/public_html/application/vendor/laravel/framework/src/Illuminate/Database/Eloquent/Builder.php(531): Illuminate\\Database\\Eloquent\\Builder->getModels()
#8 /home/mimet.etasoft.cl/public_html/application/vendor/laravel/framework/src/Illuminate/Database/Concerns/BuildsQueries.php(143): Illuminate\\Database\\Eloquent\\Builder->get()
#9 /home/mimet.etasoft.cl/public_html/application/vendor/laravel/framework/src/Illuminate/Database/Eloquent/Builder.php(353): Illuminate\\Database\\Eloquent\\Builder->first()
#10 /home/mimet.etasoft.cl/public_html/application/vendor/laravel/framework/src/Illuminate/Support/Traits/ForwardsCalls.php(23): Illuminate\\Database\\Eloquent\\Builder->find()
#11 /home/mimet.etasoft.cl/public_html/application/vendor/laravel/framework/src/Illuminate/Database/Eloquent/Model.php(1736): Illuminate\\Database\\Eloquent\\Model->forwardCallTo()
#12 /home/mimet.etasoft.cl/public_html/application/vendor/laravel/framework/src/Illuminate/Database/Eloquent/Model.php(1748): Illuminate\\Database\\Eloquent\\Model->__call()
#13 /home/mimet.etasoft.cl/public_html/application/app/Providers/ConfigSystemServiceProvider.php(28): Illuminate\\Database\\Eloquent\\Model::__callStatic()
#14 [internal function]: App\\Providers\\ConfigSystemServiceProvider->boot()
#15 /home/mimet.etasoft.cl/public_html/application/vendor/laravel/framework/src/Illuminate/Container/BoundMethod.php(37): call_user_func_array()
#16 /home/mimet.etasoft.cl/public_html/application/vendor/laravel/framework/src/Illuminate/Container/Util.php(37): Illuminate\\Container\\BoundMethod::Illuminate\\Container\\{closure}()
#17 /home/mimet.etasoft.cl/public_html/application/vendor/laravel/framework/src/Illuminate/Container/BoundMethod.php(95): Illuminate\\Container\\Util::unwrapIfClosure()
#18 /home/mimet.etasoft.cl/public_html/application/vendor/laravel/framework/src/Illuminate/Container/BoundMethod.php(39): Illuminate\\Container\\BoundMethod::callBoundMethod()
#19 /home/mimet.etasoft.cl/public_html/application/vendor/laravel/framework/src/Illuminate/Container/Container.php(596): Illuminate\\Container\\BoundMethod::call()
#20 /home/mimet.etasoft.cl/public_html/application/vendor/laravel/framework/src/Illuminate/Foundation/Application.php(867): Illuminate\\Container\\Container->call()
#21 /home/mimet.etasoft.cl/public_html/application/vendor/laravel/framework/src/Illuminate/Foundation/Application.php(850): Illuminate\\Foundation\\Application->bootProvider()
#22 [internal function]: Illuminate\\Foundation\\Application->Illuminate\\Foundation\\{closure}()
#23 /home/mimet.etasoft.cl/public_html/application/vendor/laravel/framework/src/Illuminate/Foundation/Application.php(851): array_walk()
#24 /home/mimet.etasoft.cl/public_html/application/vendor/laravel/framework/src/Illuminate/Foundation/Bootstrap/BootProviders.php(17): Illuminate\\Foundation\\Application->boot()
#25 /home/mimet.etasoft.cl/public_html/application/vendor/laravel/framework/src/Illuminate/Foundation/Application.php(230): Illuminate\\Foundation\\Bootstrap\\BootProviders->bootstrap()
#26 /home/mimet.etasoft.cl/public_html/application/vendor/laravel/framework/src/Illuminate/Foundation/Console/Kernel.php(310): Illuminate\\Foundation\\Application->bootstrapWith()
#27 /home/mimet.etasoft.cl/public_html/application/vendor/laravel/framework/src/Illuminate/Foundation/Console/Kernel.php(127): Illuminate\\Foundation\\Console\\Kernel->bootstrap()
#28 /home/mimet.etasoft.cl/public_html/application/artisan(37): Illuminate\\Foundation\\Console\\Kernel->handle()
#29 {main}

[previous exception] [object] (PDOException(code: 1045): SQLSTATE[HY000] [1045] Access denied for user 'mimet_crm'@'localhost' (using password: YES) at /home/mimet.etasoft.cl/public_html/application/vendor/laravel/framework/src/Illuminate/Database/Connectors/Connector.php:70)
[stacktrace]
#0 /home/mimet.etasoft.cl/public_html/application/vendor/laravel/framework/src/Illuminate/Database/Connectors/Connector.php(70): PDO->__construct()
#1 /home/mimet.etasoft.cl/public_html/application/vendor/laravel/framework/src/Illuminate/Database/Connectors/Connector.php(46): Illuminate\\Database\\Connectors\\Connector->createPdoConnection()
#2 /home/mimet.etasoft.cl/public_html/application/vendor/laravel/framework/src/Illuminate/Database/Connectors/MySqlConnector.php(24): Illuminate\\Database\\Connectors\\Connector->createConnection()
#3 /home/mimet.etasoft.cl/public_html/application/vendor/laravel/framework/src/Illuminate/Database/Connectors/ConnectionFactory.php(184): Illuminate\\Database\\Connectors\\MySqlConnector->connect()
#4 [internal function]: Illuminate\\Database\\Connectors\\ConnectionFactory->Illuminate\\Database\\Connectors\\{closure}()
#5 /home/mimet.etasoft.cl/public_html/application/vendor/laravel/framework/src/Illuminate/Database/Connection.php(926): call_user_func()
#6 /home/mimet.etasoft.cl/public_html/application/vendor/laravel/framework/src/Illuminate/Database/Connection.php(961): Illuminate\\Database\\Connection->getPdo()
#7 /home/mimet.etasoft.cl/public_html/application/vendor/laravel/framework/src/Illuminate/Database/Connection.php(405): Illuminate\\Database\\Connection->getReadPdo()
#8 /home/mimet.etasoft.cl/public_html/application/vendor/laravel/framework/src/Illuminate/Database/Connection.php(331): Illuminate\\Database\\Connection->getPdoForSelect()
#9 /home/mimet.etasoft.cl/public_html/application/vendor/laravel/framework/src/Illuminate/Database/Connection.php(664): Illuminate\\Database\\Connection->Illuminate\\Database\\{closure}()
#10 /home/mimet.etasoft.cl/public_html/application/vendor/laravel/framework/src/Illuminate/Database/Connection.php(631): Illuminate\\Database\\Connection->runQueryCallback()
#11 /home/mimet.etasoft.cl/public_html/application/vendor/laravel/framework/src/Illuminate/Database/Connection.php(339): Illuminate\\Database\\Connection->run()
#12 /home/mimet.etasoft.cl/public_html/application/vendor/laravel/framework/src/Illuminate/Database/Query/Builder.php(2260): Illuminate\\Database\\Connection->select()
#13 /home/mimet.etasoft.cl/public_html/application/vendor/laravel/framework/src/Illuminate/Database/Query/Builder.php(2248): Illuminate\\Database\\Query\\Builder->runSelect()
#14 /home/mimet.etasoft.cl/public_html/application/vendor/laravel/framework/src/Illuminate/Database/Query/Builder.php(2743): Illuminate\\Database\\Query\\Builder->Illuminate\\Database\\Query\\{closure}()
#15 /home/mimet.etasoft.cl/public_html/application/vendor/laravel/framework/src/Illuminate/Database/Query/Builder.php(2249): Illuminate\\Database\\Query\\Builder->onceWithColumns()
#16 /home/mimet.etasoft.cl/public_html/application/vendor/laravel/framework/src/Illuminate/Database/Eloquent/Builder.php(547): Illuminate\\Database\\Query\\Builder->get()
#17 /home/mimet.etasoft.cl/public_html/application/vendor/laravel/framework/src/Illuminate/Database/Eloquent/Builder.php(531): Illuminate\\Database\\Eloquent\\Builder->getModels()
#18 /home/mimet.etasoft.cl/public_html/application/vendor/laravel/framework/src/Illuminate/Database/Concerns/BuildsQueries.php(143): Illuminate\\Database\\Eloquent\\Builder->get()
#19 /home/mimet.etasoft.cl/public_html/application/vendor/laravel/framework/src/Illuminate/Database/Eloquent/Builder.php(353): Illuminate\\Database\\Eloquent\\Builder->first()
#20 /home/mimet.etasoft.cl/public_html/application/vendor/laravel/framework/src/Illuminate/Support/Traits/ForwardsCalls.php(23): Illuminate\\Database\\Eloquent\\Builder->find()
#21 /home/mimet.etasoft.cl/public_html/application/vendor/laravel/framework/src/Illuminate/Database/Eloquent/Model.php(1736): Illuminate\\Database\\Eloquent\\Model->forwardCallTo()
#22 /home/mimet.etasoft.cl/public_html/application/vendor/laravel/framework/src/Illuminate/Database/Eloquent/Model.php(1748): Illuminate\\Database\\Eloquent\\Model->__call()
#23 /home/mimet.etasoft.cl/public_html/application/app/Providers/ConfigSystemServiceProvider.php(28): Illuminate\\Database\\Eloquent\\Model::__callStatic()
#24 [internal function]: App\\Providers\\ConfigSystemServiceProvider->boot()
#25 /home/mimet.etasoft.cl/public_html/application/vendor/laravel/framework/src/Illuminate/Container/BoundMethod.php(37): call_user_func_array()
#26 /home/mimet.etasoft.cl/public_html/application/vendor/laravel/framework/src/Illuminate/Container/Util.php(37): Illuminate\\Container\\BoundMethod::Illuminate\\Container\\{closure}()
#27 /home/mimet.etasoft.cl/public_html/application/vendor/laravel/framework/src/Illuminate/Container/BoundMethod.php(95): Illuminate\\Container\\Util::unwrapIfClosure()
#28 /home/mimet.etasoft.cl/public_html/application/vendor/laravel/framework/src/Illuminate/Container/BoundMethod.php(39): Illuminate\\Container\\BoundMethod::callBoundMethod()
#29 /home/mimet.etasoft.cl/public_html/application/vendor/laravel/framework/src/Illuminate/Container/Container.php(596): Illuminate\\Container\\BoundMethod::call()
#30 /home/mimet.etasoft.cl/public_html/application/vendor/laravel/framework/src/Illuminate/Foundation/Application.php(867): Illuminate\\Container\\Container->call()
#31 /home/mimet.etasoft.cl/public_html/application/vendor/laravel/framework/src/Illuminate/Foundation/Application.php(850): Illuminate\\Foundation\\Application->bootProvider()
#32 [internal function]: Illuminate\\Foundation\\Application->Illuminate\\Foundation\\{closure}()
#33 /home/mimet.etasoft.cl/public_html/application/vendor/laravel/framework/src/Illuminate/Foundation/Application.php(851): array_walk()
#34 /home/mimet.etasoft.cl/public_html/application/vendor/laravel/framework/src/Illuminate/Foundation/Bootstrap/BootProviders.php(17): Illuminate\\Foundation\\Application->boot()
#35 /home/mimet.etasoft.cl/public_html/application/vendor/laravel/framework/src/Illuminate/Foundation/Application.php(230): Illuminate\\Foundation\\Bootstrap\\BootProviders->bootstrap()
#36 /home/mimet.etasoft.cl/public_html/application/vendor/laravel/framework/src/Illuminate/Foundation/Console/Kernel.php(310): Illuminate\\Foundation\\Application->bootstrapWith()
#37 /home/mimet.etasoft.cl/public_html/application/vendor/laravel/framework/src/Illuminate/Foundation/Console/Kernel.php(127): Illuminate\\Foundation\\Console\\Kernel->bootstrap()
#38 /home/mimet.etasoft.cl/public_html/application/artisan(37): Illuminate\\Foundation\\Console\\Kernel->handle()
#39 {main}
"} 
[2025-01-26 23:46:50] production.ERROR: Attempt to read property "settings_system_timezone" on null {"exception":"[object] (ErrorException(code: 0): Attempt to read property \"settings_system_timezone\" on null at /home/mimet.etasoft.cl/public_html/application/app/Providers/ConfigSystemServiceProvider.php:31)
[stacktrace]
#0 /home/mimet.etasoft.cl/public_html/application/app/Providers/ConfigSystemServiceProvider.php(31): Illuminate\\Foundation\\Bootstrap\\HandleExceptions->handleError()
#1 [internal function]: App\\Providers\\ConfigSystemServiceProvider->boot()
#2 /home/mimet.etasoft.cl/public_html/application/vendor/laravel/framework/src/Illuminate/Container/BoundMethod.php(37): call_user_func_array()
#3 /home/mimet.etasoft.cl/public_html/application/vendor/laravel/framework/src/Illuminate/Container/Util.php(37): Illuminate\\Container\\BoundMethod::Illuminate\\Container\\{closure}()
#4 /home/mimet.etasoft.cl/public_html/application/vendor/laravel/framework/src/Illuminate/Container/BoundMethod.php(95): Illuminate\\Container\\Util::unwrapIfClosure()
#5 /home/mimet.etasoft.cl/public_html/application/vendor/laravel/framework/src/Illuminate/Container/BoundMethod.php(39): Illuminate\\Container\\BoundMethod::callBoundMethod()
#6 /home/mimet.etasoft.cl/public_html/application/vendor/laravel/framework/src/Illuminate/Container/Container.php(596): Illuminate\\Container\\BoundMethod::call()
#7 /home/mimet.etasoft.cl/public_html/application/vendor/laravel/framework/src/Illuminate/Foundation/Application.php(867): Illuminate\\Container\\Container->call()
#8 /home/mimet.etasoft.cl/public_html/application/vendor/laravel/framework/src/Illuminate/Foundation/Application.php(850): Illuminate\\Foundation\\Application->bootProvider()
#9 [internal function]: Illuminate\\Foundation\\Application->Illuminate\\Foundation\\{closure}()
#10 /home/mimet.etasoft.cl/public_html/application/vendor/laravel/framework/src/Illuminate/Foundation/Application.php(851): array_walk()
#11 /home/mimet.etasoft.cl/public_html/application/vendor/laravel/framework/src/Illuminate/Foundation/Bootstrap/BootProviders.php(17): Illuminate\\Foundation\\Application->boot()
#12 /home/mimet.etasoft.cl/public_html/application/vendor/laravel/framework/src/Illuminate/Foundation/Application.php(230): Illuminate\\Foundation\\Bootstrap\\BootProviders->bootstrap()
#13 /home/mimet.etasoft.cl/public_html/application/vendor/laravel/framework/src/Illuminate/Foundation/Console/Kernel.php(310): Illuminate\\Foundation\\Application->bootstrapWith()
#14 /home/mimet.etasoft.cl/public_html/application/vendor/laravel/framework/src/Illuminate/Foundation/Console/Kernel.php(127): Illuminate\\Foundation\\Console\\Kernel->bootstrap()
#15 /home/mimet.etasoft.cl/public_html/application/artisan(37): Illuminate\\Foundation\\Console\\Kernel->handle()
#16 {main}
"} 
[2025-01-26 20:49:07] production.ERROR: App\Providers\ConfigThemeServiceProvider::App\Providers\{closure}(): Argument #2 ($key) must be passed by reference, value given {"exception":"[object] (ErrorException(code: 0): App\\Providers\\ConfigThemeServiceProvider::App\\Providers\\{closure}(): Argument #2 ($key) must be passed by reference, value given at /home/mimet.etasoft.cl/public_html/application/app/Providers/ConfigThemeServiceProvider.php:50)
[stacktrace]
#0 [internal function]: Illuminate\\Foundation\\Bootstrap\\HandleExceptions->handleError()
#1 /home/mimet.etasoft.cl/public_html/application/app/Providers/ConfigThemeServiceProvider.php(50): array_walk()
#2 [internal function]: App\\Providers\\ConfigThemeServiceProvider->boot()
#3 /home/mimet.etasoft.cl/public_html/application/vendor/laravel/framework/src/Illuminate/Container/BoundMethod.php(37): call_user_func_array()
#4 /home/mimet.etasoft.cl/public_html/application/vendor/laravel/framework/src/Illuminate/Container/Util.php(37): Illuminate\\Container\\BoundMethod::Illuminate\\Container\\{closure}()
#5 /home/mimet.etasoft.cl/public_html/application/vendor/laravel/framework/src/Illuminate/Container/BoundMethod.php(95): Illuminate\\Container\\Util::unwrapIfClosure()
#6 /home/mimet.etasoft.cl/public_html/application/vendor/laravel/framework/src/Illuminate/Container/BoundMethod.php(39): Illuminate\\Container\\BoundMethod::callBoundMethod()
#7 /home/mimet.etasoft.cl/public_html/application/vendor/laravel/framework/src/Illuminate/Container/Container.php(596): Illuminate\\Container\\BoundMethod::call()
#8 /home/mimet.etasoft.cl/public_html/application/vendor/laravel/framework/src/Illuminate/Foundation/Application.php(867): Illuminate\\Container\\Container->call()
#9 /home/mimet.etasoft.cl/public_html/application/vendor/laravel/framework/src/Illuminate/Foundation/Application.php(850): Illuminate\\Foundation\\Application->bootProvider()
#10 [internal function]: Illuminate\\Foundation\\Application->Illuminate\\Foundation\\{closure}()
#11 /home/mimet.etasoft.cl/public_html/application/vendor/laravel/framework/src/Illuminate/Foundation/Application.php(851): array_walk()
#12 /home/mimet.etasoft.cl/public_html/application/vendor/laravel/framework/src/Illuminate/Foundation/Bootstrap/BootProviders.php(17): Illuminate\\Foundation\\Application->boot()
#13 /home/mimet.etasoft.cl/public_html/application/vendor/laravel/framework/src/Illuminate/Foundation/Application.php(230): Illuminate\\Foundation\\Bootstrap\\BootProviders->bootstrap()
#14 /home/mimet.etasoft.cl/public_html/application/vendor/laravel/framework/src/Illuminate/Foundation/Console/Kernel.php(310): Illuminate\\Foundation\\Application->bootstrapWith()
#15 /home/mimet.etasoft.cl/public_html/application/vendor/laravel/framework/src/Illuminate/Foundation/Console/Kernel.php(127): Illuminate\\Foundation\\Console\\Kernel->bootstrap()
#16 /home/mimet.etasoft.cl/public_html/application/artisan(37): Illuminate\\Foundation\\Console\\Kernel->handle()
#17 {main}
"} 
